<?xml version="1.0" encoding="UTF-8"?>
<testsuite xmlns:xsi="http://www.w3.org/2001/XMLSchema-instance" xsi:noNamespaceSchemaLocation="https://maven.apache.org/surefire/maven-surefire-plugin/xsd/surefire-test-report-3.0.xsd" version="3.0" name="TestSuite" time="6.568" tests="2" errors="0" skipped="0" failures="0">
  <properties>
[...]
</properties>
  <testcase name="crearNuevoUsuario" classname="tests.CreateUserTest" time="1.873">
    <system-out><![CDATA[...
... TestNG 7.8.0 by Cédric Beust (cedric@beust.com)
...

🌐 BASE URL configurada: https://reqres.in/api
🌐 BASE URL configurada: RegressionGroupTests
🚀 Iniciando test: crearNuevoUsuario
23:29:00.784 [main] INFO  tests.CreateUserTest - iniciando test: Crear nuevo usuario
23:29:02.136 [main] INFO  tests.CreateUserTest - statusCode: 201
23:29:02.137 [main] INFO  tests.CreateUserTest - body: {
    "name": "Rodrigo",
    "job": "QA Automation",
    "id": "949",
    "createdAt": "2025-04-14T02:29:01.971Z"
}
23:29:02.652 [main] INFO  tests.CreateUserTest - usuario creado exitosamente
]]></system-out>
    <system-err><![CDATA[SLF4J: Failed to load class "org.slf4j.impl.StaticLoggerBinder".
SLF4J: Defaulting to no-operation (NOP) logger implementation
SLF4J: See http://www.slf4j.org/codes.html#StaticLoggerBinder for further details.
]]></system-err>
  </testcase>
  <testcase name="listarUsuarioPagina2" classname="tests.GetUsersTest" time="3.579">
    <system-out><![CDATA[✅ Test PASÓ: crearNuevoUsuario
🚀 Iniciando test: listarUsuarioPagina2
23:29:02.658 [main] INFO  tests.GetUsersTest - iniciando test: Listar usuarios en la página 2
23:29:06.215 [main] INFO  tests.GetUsersTest - statusCode: 200
23:29:06.217 [main] INFO  tests.GetUsersTest - body: {
    "page": 2,
    "per_page": 6,
    "total": 12,
    "total_pages": 2,
    "data": [
        {
            "id": 7,
            "email": "michael.lawson@reqres.in",
            "first_name": "Michael",
            "last_name": "Lawson",
            "avatar": "https://reqres.in/img/faces/7-image.jpg"
        },
        {
            "id": 8,
            "email": "lindsay.ferguson@reqres.in",
            "first_name": "Lindsay",
            "last_name": "Ferguson",
            "avatar": "https://reqres.in/img/faces/8-image.jpg"
        },
        {
            "id": 9,
            "email": "tobias.funke@reqres.in",
            "first_name": "Tobias",
            "last_name": "Funke",
            "avatar": "https://reqres.in/img/faces/9-image.jpg"
        },
        {
            "id": 10,
            "email": "byron.fields@reqres.in",
            "first_name": "Byron",
            "last_name": "Fields",
            "avatar": "https://reqres.in/img/faces/10-image.jpg"
        },
        {
            "id": 11,
            "email": "george.edwards@reqres.in",
            "first_name": "George",
            "last_name": "Edwards",
            "avatar": "https://reqres.in/img/faces/11-image.jpg"
        },
        {
            "id": 12,
            "email": "rachel.howell@reqres.in",
            "first_name": "Rachel",
            "last_name": "Howell",
            "avatar": "https://reqres.in/img/faces/12-image.jpg"
        }
    ],
    "support": {
        "url": "https://contentcaddy.io?utm_source=reqres&utm_medium=json&utm_campaign=referral",
        "text": "Tired of writing endless social media content? Let Content Caddy generate it for you."
    }
}
23:29:06.246 [main] INFO  tests.GetUsersTest - test finalizando exitosamente.-
]]></system-out>
  </testcase>
</testsuite>