<?xml version="1.0" encoding="UTF-8"?>
<testng-results ignored="0" total="2" passed="2" failed="0" skipped="0">
  <reporter-output>
  </reporter-output>
  <suite started-at="2025-04-13T23:29:00 ART" name="SuiteGroupRegression" finished-at="2025-04-13T23:29:06 ART" duration-ms="5606">
    <groups>
      <group name="regression">
        <method signature="CreateUserTest.crearNuevoUsuario()[pri:0, instance:tests.CreateUserTest@37052337]" name="crearNuevoUsuario" class="tests.CreateUserTest"/>
        <method signature="GetUsersTest.listarUsuarioPagina2()[pri:0, instance:tests.GetUsersTest@7a560583]" name="listarUsuarioPagina2" class="tests.GetUsersTest"/>
      </group> <!-- regression -->
    </groups>
    <test started-at="2025-04-13T23:29:00 ART" name="RegressionGroupTests" finished-at="2025-04-13T23:29:06 ART" duration-ms="5606">
      <class name="tests.CreateUserTest">
        <test-method signature="crearNuevoUsuario()[pri:0, instance:tests.CreateUserTest@37052337]" started-at="2025-04-13T23:29:00 ART" name="crearNuevoUsuario" finished-at="2025-04-13T23:29:02 ART" duration-ms="1998" status="PASS">
          <reporter-output>
          </reporter-output>
        </test-method> <!-- crearNuevoUsuario -->
      </class> <!-- tests.CreateUserTest -->
      <class name="tests.ClaseDePrueba">
        <test-method is-config="true" signature="setup()[pri:0, instance:tests.ClaseDePrueba@68ead359]" started-at="2025-04-13T23:29:00 ART" name="setup" finished-at="2025-04-13T23:29:00 ART" duration-ms="207" status="PASS">
          <reporter-output>
          </reporter-output>
        </test-method> <!-- setup -->
      </class> <!-- tests.ClaseDePrueba -->
      <class name="tests.GetUsersTest">
        <test-method signature="listarUsuarioPagina2()[pri:0, instance:tests.GetUsersTest@7a560583]" started-at="2025-04-13T23:29:02 ART" name="listarUsuarioPagina2" finished-at="2025-04-13T23:29:06 ART" duration-ms="3589" status="PASS">
          <reporter-output>
          </reporter-output>
        </test-method> <!-- listarUsuarioPagina2 -->
      </class> <!-- tests.GetUsersTest -->
    </test> <!-- RegressionGroupTests -->
  </suite> <!-- SuiteGroupRegression -->
</testng-results>
