<?xml version="1.0" encoding="UTF-8"?>
<!-- Generated by org.testng.reporters.JUnitXMLReporter -->
<testsuite ignored="7" hostname="DESKTOP-UBV5HKF" failures="0" tests="2" name="RegressionGroupTests" time="7.352" errors="0" timestamp="2025-04-13T21:30:34 ART">
  <testcase classname="tests.CreateUserTest" name="crearNuevoUsuario" time="3.612"/>
  <testcase classname="tests.GetUsersTest" name="listarUsuarioPagina2" time="3.639"/>
  <testcase classname="base.BaseTest" name="@BeforeSuite setup" time="0.0">
    <ignored/>
  </testcase> <!-- @BeforeSuite setup -->
  <testcase classname="base.BaseTest" name="@BeforeSuite setup" time="0.0">
    <ignored/>
  </testcase> <!-- @BeforeSuite setup -->
  <testcase classname="tests.UpdateUserTest" name="actualizarUsuario" time="0.0">
    <ignored/>
  </testcase> <!-- actualizarUsuario -->
  <testcase classname="tests.ClaseDePrueba" name="prueba" time="0.0">
    <ignored/>
  </testcase> <!-- prueba -->
  <testcase classname="base.BaseTest" name="@BeforeSuite setup" time="0.0">
    <ignored/>
  </testcase> <!-- @BeforeSuite setup -->
  <testcase classname="base.BaseTest" name="@BeforeSuite setup" time="0.0">
    <ignored/>
  </testcase> <!-- @BeforeSuite setup -->
  <testcase classname="tests.DeleteUserTest" name="eliminarUsuario" time="0.0">
    <ignored/>
  </testcase> <!-- eliminarUsuario -->
</testsuite> <!-- RegressionGroupTests -->
