<?xml version="1.0" encoding="UTF-8"?>
<!-- Generated by org.testng.reporters.JUnitXMLReporter -->
<testsuite ignored="4" hostname="DESKTOP-UBV5HKF" failures="0" tests="5" name="TodosLosTests" time="6.242" errors="0" timestamp="2025-04-13T22:16:50 ART">
  <testcase classname="tests.ClaseDePrueba" name="prueba" time="0.148"/>
  <testcase classname="tests.CreateUserTest" name="crearNuevoUsuario" time="1.676"/>
  <testcase classname="tests.DeleteUserTest" name="eliminarUsuario" time="0.565"/>
  <testcase classname="tests.GetUsersTest" name="listarUsuarioPagina2" time="3.262"/>
  <testcase classname="tests.UpdateUserTest" name="actualizarUsuario" time="0.557"/>
  <testcase classname="base.BaseTest" name="@BeforeSuite setup" time="0.0">
    <ignored/>
  </testcase> <!-- @BeforeSuite setup -->
  <testcase classname="base.BaseTest" name="@BeforeSuite setup" time="0.0">
    <ignored/>
  </testcase> <!-- @BeforeSuite setup -->
  <testcase classname="base.BaseTest" name="@BeforeSuite setup" time="0.0">
    <ignored/>
  </testcase> <!-- @BeforeSuite setup -->
  <testcase classname="base.BaseTest" name="@BeforeSuite setup" time="0.0">
    <ignored/>
  </testcase> <!-- @BeforeSuite setup -->
</testsuite> <!-- TodosLosTests -->
